<?xml version="1.0" encoding="UTF-8"?>
<testsuite xmlns:xsi="http://www.w3.org/2001/XMLSchema-instance" xsi:noNamespaceSchemaLocation="https://maven.apache.org/surefire/maven-surefire-plugin/xsd/surefire-test-report-3.0.xsd" version="3.0" name="com.innruptive.movies.MoviesApplicationTests" time="1.616" tests="1" errors="0" skipped="0" failures="0">
  <properties>
[...]
</properties>
  <testcase name="contextLoads" classname="com.innruptive.movies.MoviesApplicationTests" time="0.372">
    <system-out><![CDATA[14:09:50.007 [main] INFO org.springframework.test.context.support.AnnotationConfigContextLoaderUtils -- Could not detect default configuration classes for test class [com.innruptive.movies.MoviesApplicationTests]: MoviesApplicationTests does not declare any static, non-private, non-final, nested classes annotated with @Configuration.
14:09:50.039 [main] INFO org.springframework.boot.test.context.SpringBootTestContextBootstrapper -- Found @SpringBootConfiguration com.innruptive.movies.MoviesApplication for test class com.innruptive.movies.MoviesApplicationTests

  .   ____          _            __ _ _
 /\\ / ___'_ __ _ _(_)_ __  __ _ \ \ \ \
( ( )\___ | '_ | '_| | '_ \/ _` | \ \ \ \
 \\/  ___)| |_)| | | | | || (_| |  ) ) ) )
  '  |____| .__|_| |_|_| |_\__, | / / / /
 =========|_|==============|___/=/_/_/_/

 :: Spring Boot ::                (v3.3.4)

2024-10-04T14:09:50.189+02:00  INFO 77438 --- [           main] m.p.springdotenv.DotenvPropertySource    : Initializing Dotenv with DotenvConfig{directory=null, filename=null, ignoreIfMalformed=false, ignoreIfMissing=true, systemProperties=false, prefix=null}
2024-10-04T14:09:50.197+02:00  INFO 77438 --- [           main] c.i.movies.MoviesApplicationTests        : Starting MoviesApplicationTests using Java 22.0.2 with PID 77438 (started by balint in /Users/balint/projects/java-practice)
2024-10-04T14:09:50.198+02:00  INFO 77438 --- [           main] c.i.movies.MoviesApplicationTests        : No active profile set, falling back to 1 default profile: "default"
2024-10-04T14:09:50.486+02:00  INFO 77438 --- [           main] .s.d.r.c.RepositoryConfigurationDelegate : Bootstrapping Spring Data MongoDB repositories in DEFAULT mode.
2024-10-04T14:09:50.504+02:00  INFO 77438 --- [           main] .s.d.r.c.RepositoryConfigurationDelegate : Finished Spring Data repository scanning in 14 ms. Found 2 MongoDB repository interfaces.
2024-10-04T14:09:50.713+02:00  INFO 77438 --- [           main] org.mongodb.driver.client                : MongoClient with metadata {"driver": {"name": "mongo-java-driver|sync|spring-boot", "version": "5.0.1"}, "os": {"type": "Darwin", "name": "Mac OS X", "architecture": "aarch64", "version": "14.6.1"}, "platform": "Java/Homebrew/22.0.2"} created with settings MongoClientSettings{readPreference=primary, writeConcern=WriteConcern{w=null, wTimeout=null ms, journal=null}, retryWrites=true, retryReads=true, readConcern=ReadConcern{level=null}, credential=MongoCredential{mechanism=null, userName='abalint88', source='admin', password=<hidden>, mechanismProperties=<hidden>}, transportSettings=null, commandListeners=[io.micrometer.core.instrument.binder.mongodb.MongoMetricsCommandListener@fb5aeed], codecRegistry=ProvidersCodecRegistry{codecProviders=[ValueCodecProvider{}, BsonValueCodecProvider{}, DBRefCodecProvider{}, DBObjectCodecProvider{}, DocumentCodecProvider{}, CollectionCodecProvider{}, IterableCodecProvider{}, MapCodecProvider{}, GeoJsonCodecProvider{}, GridFSFileCodecProvider{}, Jsr310CodecProvider{}, JsonObjectCodecProvider{}, BsonCodecProvider{}, EnumCodecProvider{}, com.mongodb.client.model.mql.ExpressionCodecProvider@73893ec1, com.mongodb.Jep395RecordCodecProvider@37af24cb, com.mongodb.KotlinCodecProvider@7926352f]}, loggerSettings=LoggerSettings{maxDocumentLength=1000}, clusterSettings={hosts=[127.0.0.1:27017], srvHost=playgrounddb.yumdk.mongodb.net, srvServiceName=mongodb, mode=MULTIPLE, requiredClusterType=REPLICA_SET, requiredReplicaSetName='atlas-129zyz-shard-0', serverSelector='null', clusterListeners='[]', serverSelectionTimeout='30000 ms', localThreshold='15 ms'}, socketSettings=SocketSettings{connectTimeoutMS=10000, readTimeoutMS=0, receiveBufferSize=0, proxySettings=ProxySettings{host=null, port=null, username=null, password=null}}, heartbeatSocketSettings=SocketSettings{connectTimeoutMS=10000, readTimeoutMS=10000, receiveBufferSize=0, proxySettings=ProxySettings{host=null, port=null, username=null, password=null}}, connectionPoolSettings=ConnectionPoolSettings{maxSize=100, minSize=0, maxWaitTimeMS=120000, maxConnectionLifeTimeMS=0, maxConnectionIdleTimeMS=0, maintenanceInitialDelayMS=0, maintenanceFrequencyMS=60000, connectionPoolListeners=[io.micrometer.core.instrument.binder.mongodb.MongoMetricsConnectionPoolListener@5bc63e20], maxConnecting=2}, serverSettings=ServerSettings{heartbeatFrequencyMS=10000, minHeartbeatFrequencyMS=500, serverListeners='[]', serverMonitorListeners='[]'}, sslSettings=SslSettings{enabled=true, invalidHostNameAllowed=false, context=null}, applicationName='null', compressorList=[], uuidRepresentation=JAVA_LEGACY, serverApi=null, autoEncryptionSettings=null, dnsClient=null, inetAddressResolver=null, contextProvider=null}
2024-10-04T14:09:50.753+02:00  INFO 77438 --- [mdk.mongodb.net] org.mongodb.driver.cluster               : Adding discovered server playgrounddb-shard-00-02.yumdk.mongodb.net:27017 to client view of cluster
2024-10-04T14:09:50.765+02:00  INFO 77438 --- [mdk.mongodb.net] org.mongodb.driver.cluster               : Adding discovered server playgrounddb-shard-00-01.yumdk.mongodb.net:27017 to client view of cluster
2024-10-04T14:09:50.767+02:00  INFO 77438 --- [mdk.mongodb.net] org.mongodb.driver.cluster               : Adding discovered server playgrounddb-shard-00-00.yumdk.mongodb.net:27017 to client view of cluster
2024-10-04T14:09:51.107+02:00  INFO 77438 --- [           main] o.s.b.a.e.web.EndpointLinksResolver      : Exposing 14 endpoints beneath base path '/actuator'
2024-10-04T14:09:51.122+02:00  INFO 77438 --- [ngodb.net:27017] org.mongodb.driver.cluster               : Monitor thread successfully connected to server with description ServerDescription{address=playgrounddb-shard-00-02.yumdk.mongodb.net:27017, type=REPLICA_SET_PRIMARY, state=CONNECTED, ok=true, minWireVersion=0, maxWireVersion=21, maxDocumentSize=16777216, logicalSessionTimeoutMinutes=30, roundTripTimeNanos=185915792, setName='atlas-129zyz-shard-0', canonicalAddress=playgrounddb-shard-00-02.yumdk.mongodb.net:27017, hosts=[playgrounddb-shard-00-00.yumdk.mongodb.net:27017, playgrounddb-shard-00-01.yumdk.mongodb.net:27017, playgrounddb-shard-00-02.yumdk.mongodb.net:27017], passives=[], arbiters=[], primary='playgrounddb-shard-00-02.yumdk.mongodb.net:27017', tagSet=TagSet{[Tag{name='availabilityZone', value='euc1-az1'}, Tag{name='diskState', value='READY'}, Tag{name='nodeType', value='ELECTABLE'}, Tag{name='provider', value='AWS'}, Tag{name='region', value='EU_CENTRAL_1'}, Tag{name='workloadType', value='OPERATIONAL'}]}, electionId=7fffffff000000000000041b, setVersion=118, topologyVersion=TopologyVersion{processId=66feb065c8a24e1bc14d9e34, counter=9}, lastWriteDate=Fri Oct 04 14:09:51 CEST 2024, lastUpdateTimeNanos=1507537100381500}
2024-10-04T14:09:51.122+02:00  INFO 77438 --- [ngodb.net:27017] org.mongodb.driver.cluster               : Monitor thread successfully connected to server with description ServerDescription{address=playgrounddb-shard-00-00.yumdk.mongodb.net:27017, type=REPLICA_SET_SECONDARY, state=CONNECTED, ok=true, minWireVersion=0, maxWireVersion=21, maxDocumentSize=16777216, logicalSessionTimeoutMinutes=30, roundTripTimeNanos=196240375, setName='atlas-129zyz-shard-0', canonicalAddress=playgrounddb-shard-00-00.yumdk.mongodb.net:27017, hosts=[playgrounddb-shard-00-00.yumdk.mongodb.net:27017, playgrounddb-shard-00-01.yumdk.mongodb.net:27017, playgrounddb-shard-00-02.yumdk.mongodb.net:27017], passives=[], arbiters=[], primary='playgrounddb-shard-00-02.yumdk.mongodb.net:27017', tagSet=TagSet{[Tag{name='availabilityZone', value='euc1-az2'}, Tag{name='diskState', value='READY'}, Tag{name='nodeType', value='ELECTABLE'}, Tag{name='provider', value='AWS'}, Tag{name='region', value='EU_CENTRAL_1'}, Tag{name='workloadType', value='OPERATIONAL'}]}, electionId=null, setVersion=118, topologyVersion=TopologyVersion{processId=66feb1968ea69aa47668f8eb, counter=5}, lastWriteDate=Fri Oct 04 14:09:51 CEST 2024, lastUpdateTimeNanos=1507537100385708}
2024-10-04T14:09:51.122+02:00  INFO 77438 --- [ngodb.net:27017] org.mongodb.driver.cluster               : Monitor thread successfully connected to server with description ServerDescription{address=playgrounddb-shard-00-01.yumdk.mongodb.net:27017, type=REPLICA_SET_SECONDARY, state=CONNECTED, ok=true, minWireVersion=0, maxWireVersion=21, maxDocumentSize=16777216, logicalSessionTimeoutMinutes=30, roundTripTimeNanos=196232125, setName='atlas-129zyz-shard-0', canonicalAddress=playgrounddb-shard-00-01.yumdk.mongodb.net:27017, hosts=[playgrounddb-shard-00-00.yumdk.mongodb.net:27017, playgrounddb-shard-00-01.yumdk.mongodb.net:27017, playgrounddb-shard-00-02.yumdk.mongodb.net:27017], passives=[], arbiters=[], primary='playgrounddb-shard-00-02.yumdk.mongodb.net:27017', tagSet=TagSet{[Tag{name='availabilityZone', value='euc1-az3'}, Tag{name='diskState', value='READY'}, Tag{name='nodeType', value='ELECTABLE'}, Tag{name='provider', value='AWS'}, Tag{name='region', value='EU_CENTRAL_1'}, Tag{name='workloadType', value='OPERATIONAL'}]}, electionId=null, setVersion=118, topologyVersion=TopologyVersion{processId=66feb2d4261b6f116fb90cf9, counter=5}, lastWriteDate=Fri Oct 04 14:09:51 CEST 2024, lastUpdateTimeNanos=1507537100381541}
2024-10-04T14:09:51.126+02:00  INFO 77438 --- [ngodb.net:27017] org.mongodb.driver.cluster               : Discovered replica set primary playgrounddb-shard-00-02.yumdk.mongodb.net:27017 with max election id 7fffffff000000000000041b and max set version 118
2024-10-04T14:09:51.142+02:00  INFO 77438 --- [           main] c.i.movies.MoviesApplicationTests        : Started MoviesApplicationTests in 1.06 seconds (process running for 1.373)
]]></system-out>
    <system-err><![CDATA[WARNING: A Java agent has been loaded dynamically (/Users/balint/.m2/repository/net/bytebuddy/byte-buddy-agent/1.14.19/byte-buddy-agent-1.14.19.jar)
WARNING: If a serviceability tool is in use, please run with -XX:+EnableDynamicAgentLoading to hide this warning
WARNING: If a serviceability tool is not in use, please run with -Djdk.instrument.traceUsage for more information
WARNING: Dynamic loading of agents will be disallowed by default in a future release
]]></system-err>
  </testcase>
</testsuite>